2026-03-04 15:03:55.598391: I tensorflow/core/util/port.cc:153] oneDNN custom operations are on. You may see slightly different numerical results due to floating-point round-off errors from different computation orders. To turn them off, set the environment variable `TF_ENABLE_ONEDNN_OPTS=0`.
2026-03-04 15:03:57.032544: I tensorflow/core/platform/cpu_feature_guard.cc:210] This TensorFlow binary is optimized to use available CPU instructions in performance-critical operations.
To enable the following instructions: AVX2 AVX512F AVX512_VNNI FMA, in other operations, rebuild TensorFlow with the appropriate compiler flags.
2026-03-04 15:04:03.874356: I tensorflow/core/util/port.cc:153] oneDNN custom operations are on. You may see slightly different numerical results due to floating-point round-off errors from different computation orders. To turn them off, set the environment variable `TF_ENABLE_ONEDNN_OPTS=0`.
base_model.py (203): output path for model already exists, files may be overwritten: /oscar/scratch/eaguerov/bubble-models/trained/dryrun_stardist
WARNING: All log messages before absl::InitializeLog() is called are written to STDERR
W0000 00:00:1772654654.437111 2302455 gpu_device.cc:2342] Cannot dlopen some GPU libraries. Please make sure the missing libraries mentioned above are installed properly if you would like to use GPU. Follow the guide at https://www.tensorflow.org/install/gpu for how to download and setup the required libraries for your platform.
Skipping registering GPU devices...
Traceback (most recent call last):
  File "/oscar/data/dharri15/eaguerov/Github/Bubble-tracking/bubbly_flows/scripts/train_stardist.py", line 177, in <module>
    main()
  File "/oscar/data/dharri15/eaguerov/Github/Bubble-tracking/bubbly_flows/scripts/train_stardist.py", line 166, in main
    model.train(X_train, Y_train, validation_data=(X_val, Y_val), augmenter=None)
  File "/users/eaguerov/.conda/envs/bubbly-train-env/lib/python3.11/site-packages/stardist/models/model2d.py", line 446, in train
    _data_val = StarDistData2D(validation_data[0],validation_data[1], classes=classes_val, batch_size=n_take, length=1, **data_kwargs)
                ^^^^^^^^^^^^^^^^^^^^^^^^^^^^^^^^^^^^^^^^^^^^^^^^^^^^^^^^^^^^^^^^^^^^^^^^^^^^^^^^^^^^^^^^^^^^^^^^^^^^^^^^^^^^^^^^^^^^^^
  File "/users/eaguerov/.conda/envs/bubbly-train-env/lib/python3.11/site-packages/stardist/models/model2d.py", line 35, in __init__
    super().__init__(X=X, Y=Y, n_rays=n_rays, grid=grid,
  File "/users/eaguerov/.conda/envs/bubbly-train-env/lib/python3.11/site-packages/stardist/models/base.py", line 187, in __init__
    from gputools import max_filter
ModuleNotFoundError: No module named 'gputools'
