## SLURM PROLOG ###############################################################
##    Job ID : 232440
##  Job Name : train_gold_seed_v00_20260130_172156
##  Nodelist : gpu2105
##      CPUs : 
##  Mem/Node : 32768 MB
## Directory : /oscar/data/dharri15/eaguerov/Github/Bubble-tracking
##   Job Started : Fri Jan 30 05:22:00 PM EST 2026
###############################################################################
Job ID: 232440
Node: gpu2105
Dataset: gold_seed_v00
STARTING TRAINING: train_gold_seed_v00_20260130_172156
Dataset: /oscar/data/dharri15/eaguerov/Github/Bubble-tracking/bubbly_flows/microsam/datasets/gold_seed_v00
Epochs:  100
--------------------------------
Found 124 images for training.
Using device: cpu
WARNING: Training on CPU will be extremely slow.
Checkpoints will be saved to: /oscar/data/dharri15/eaguerov/Github/Bubble-tracking/bubbly_flows/microsam/models/train_gold_seed_v00_20260130_172156
Starting MicroSAM training...
CRITICAL TRAINING ERROR: train_sam() missing 2 required positional arguments: 'train_loader' and 'val_loader'
