[2026-01-30 13:18:21] update_pool: Moved 4 files to poo
[2026-01-30 13:18:21] create_workspace: Created workspace test_workspace_v01
[2026-01-30 13:18:21] promote_gold: Promoted test_workspace_v01 to gold_test_v01 (1 labels)
[2026-01-30 13:18:21] export_microsam: Exported 1 images to microsam_test_ds
[2026-01-30 13:18:47] update_pool: Moved 4 files to pool
[2026-01-30 13:18:47] create_workspace: Created workspace test_workspace_v01
[2026-01-30 13:18:47] promote_gold: Promoted test_workspace_v01 to gold_test_v01 (1 labels)
[2026-01-30 13:18:47] export_microsam: Exported 1 images to microsam_test_ds
[2026-01-30 13:23:17] update_pool: Moved 4 files to pool
[2026-01-30 13:23:17] create_workspace: Created workspace test_workspace_v01
[2026-01-30 13:23:17] promote_gold: Promoted test_workspace_v01 to gold_test_v01 (1 labels)
[2026-01-30 13:23:17] export_microsam: Exported 1 images to microsam_test_ds
[2026-01-30 11:41:20] submit_job: Submitted job train_gold_seed_v00_20260130_114111 (dataset: gold_seed_v00)
[2026-01-30 11:52:50] submit_job_error: Failed to submit train_gold_seed_v00_20260130_115246
[2026-01-30 11:55:02] submit_job: Submitted job train_gold_seed_v00_20260130_115458 (dataset: gold_seed_v00)
[2026-01-30 13:08:50] submit_job: Submitted job train_gold_seed_v00_20260130_130844 (dataset: gold_seed_v00)
[2026-01-30 13:56:44] submit_job: Submitted job train_gold_seed_v00_20260130_135640 (dataset: gold_seed_v00)
[2026-01-30 15:22:09] submit_job: Submitted job train_gold_seed_v00_20260130_152204 (dataset: gold_seed_v00)
[2026-01-30 15:41:30] submit_job: Submitted job train_gold_seed_v00_20260130_154126 (dataset: gold_seed_v00)
[2026-02-04 17:51:45] create_workspace: Created workspace seed_v03
[2026-02-14 16:00:27] create_workspace: Created workspace seed_v04
[2026-02-14 18:35:54] export_microsam: Exported base=124, aug=372, total=496 to dryrun_aug_20260214_1835 (augmentation=on, seed=42, skipped=0)
